<?xml version="1.0" encoding="UTF-8"?>
<!-- Generated by org.testng.reporters.JUnitReportReporter -->
<testsuite hostname="Groot" failures="0" tests="3" name="testng.LoginPage" time="13.686" errors="0" timestamp="2026-01-20T00:27:41 IST" skipped="0">
  <testcase classname="testng.LoginPage" name="loadLoginPage" time="3.531"/>
  <testcase classname="testng.LoginPage" name="loadLoginPage" time="4.378"/>
  <testcase classname="testng.LoginPage" name="loadLoginPage" time="5.777"/>
</testsuite> <!-- testng.LoginPage -->
